[2019-11-15T23:39:26Z ERROR rls::actions::hover] racer_def: racer panicked
error: expected one of `!`, `)`, `,`, or `::`, found `[`
  --> <stdin>:84:32
   |
84 | fn fetch(mp3s: &Vec<MP3ToFetch>[]) {
   |                                ^ expected one of `!`, `)`, `,`, or `::` here

error: expected one of `:` or `|`, found `)`
  --> <stdin>:84:34
   |
84 | fn fetch(mp3s: &Vec<MP3ToFetch>[]) {
   |                                  ^ expected one of `:` or `|` here

error: expected one of `!`, `(`, `)`, `,`, `::`, or `<`, found `[`
  --> <stdin>:84:20
   |
84 | fn fetch(mp3s: &Vec[]<MP3ToFetch>) {
   |                    ^ expected one of `!`, `(`, `)`, `,`, `::`, or `<` here

error: expected one of `:` or `|`, found `<`
  --> <stdin>:84:22
   |
84 | fn fetch(mp3s: &Vec[]<MP3ToFetch>) {
   |                      ^ expected one of `:` or `|` here

error: expected type, found `'a`
  --> <stdin>:84:22
   |
84 | fn fetch<'a>(mp3s: &<'a>[MP3ToFetch]) {
   |                      ^^ expected type

thread 'request-worker-5' panicked at 'byte index 2147 is not a char boundary; it is inside 'âˆ' (bytes 2146..2149) of `#[macro_use]
extern crate log;
extern crate env_logger;
extern crate scoped_threadpool;
extern crate tempfile;

use log::{debug, error, info};
use scoped_threadpool::Pool;
use std::env;
use std::fs::{metadata, rename, File};
use std::io::{Error, ErrorKind,`[...]', src/libcore/str/mod.rs:2068:5
note: run with `RUST_BACKTRACE=1` environment variable to display a backtrace.
error: unexpected close delimiter: `}`
   --> <stdin>:131:1
    |
131 | }
    | ^ unexpected close delimiter

error: unexpected close delimiter: `}`
   --> <stdin>:131:1
    |
131 | }
    | ^ unexpected close delimiter

error: unexpected close delimiter: `}`
   --> <stdin>:131:1
    |
131 | }
    | ^ unexpected close delimiter

